0 info it worked if it ends with ok
1 verbose cli [ '/usr/local/bin/node', '/usr/local/bin/npm', 'run', 'scss' ]
2 info using npm@3.10.10
3 info using node@v6.10.2
4 verbose run-script [ 'prescss', 'scss', 'postscss' ]
5 info lifecycle reactexpressreduxmongodb@1.0.0~prescss: reactexpressreduxmongodb@1.0.0
6 silly lifecycle reactexpressreduxmongodb@1.0.0~prescss: no script for prescss, continuing
7 info lifecycle reactexpressreduxmongodb@1.0.0~scss: reactexpressreduxmongodb@1.0.0
8 verbose lifecycle reactexpressreduxmongodb@1.0.0~scss: unsafe-perm in lifecycle true
9 verbose lifecycle reactexpressreduxmongodb@1.0.0~scss: PATH: /usr/local/lib/node_modules/npm/bin/node-gyp-bin:/Users/daniel/Documents/GitHub/WunderRocket/node_modules/.bin:/Library/Frameworks/Python.framework/Versions/3.6/bin:/usr/local/bin:/usr/bin:/bin:/usr/sbin:/sbin
10 verbose lifecycle reactexpressreduxmongodb@1.0.0~scss: CWD: /Users/daniel/Documents/GitHub/WunderRocket
11 silly lifecycle reactexpressreduxmongodb@1.0.0~scss: Args: [ '-c', 'scss --watch app/style/scss:public/styles' ]
12 silly lifecycle reactexpressreduxmongodb@1.0.0~scss: Returned: code: 1  signal: null
13 info lifecycle reactexpressreduxmongodb@1.0.0~scss: Failed to exec scss script
14 verbose stack Error: reactexpressreduxmongodb@1.0.0 scss: `scss --watch app/style/scss:public/styles`
14 verbose stack Exit status 1
14 verbose stack     at EventEmitter.<anonymous> (/usr/local/lib/node_modules/npm/lib/utils/lifecycle.js:255:16)
14 verbose stack     at emitTwo (events.js:106:13)
14 verbose stack     at EventEmitter.emit (events.js:191:7)
14 verbose stack     at ChildProcess.<anonymous> (/usr/local/lib/node_modules/npm/lib/utils/spawn.js:40:14)
14 verbose stack     at emitTwo (events.js:106:13)
14 verbose stack     at ChildProcess.emit (events.js:191:7)
14 verbose stack     at maybeClose (internal/child_process.js:886:16)
14 verbose stack     at Process.ChildProcess._handle.onexit (internal/child_process.js:226:5)
15 verbose pkgid reactexpressreduxmongodb@1.0.0
16 verbose cwd /Users/daniel/Documents/GitHub/WunderRocket
17 error Darwin 16.6.0
18 error argv "/usr/local/bin/node" "/usr/local/bin/npm" "run" "scss"
19 error node v6.10.2
20 error npm  v3.10.10
21 error code ELIFECYCLE
22 error reactexpressreduxmongodb@1.0.0 scss: `scss --watch app/style/scss:public/styles`
22 error Exit status 1
23 error Failed at the reactexpressreduxmongodb@1.0.0 scss script 'scss --watch app/style/scss:public/styles'.
23 error Make sure you have the latest version of node.js and npm installed.
23 error If you do, this is most likely a problem with the reactexpressreduxmongodb package,
23 error not with npm itself.
23 error Tell the author that this fails on your system:
23 error     scss --watch app/style/scss:public/styles
23 error You can get information on how to open an issue for this project with:
23 error     npm bugs reactexpressreduxmongodb
23 error Or if that isn't available, you can get their info via:
23 error     npm owner ls reactexpressreduxmongodb
23 error There is likely additional logging output above.
24 verbose exit [ 1, true ]
